5.1357 	EXP 	Created window1 = Window(allowGUI=False, allowStencil=False, autoLog=True, bitsMode=UNKNOWN, blendMode='avg', color=array([-1., -1., -1.]), colorSpace='rgb', fullscr=UNKNOWN, gamma=None, lms=UNKNOWN, monitor=<psychopy.monitors.calibTools.Monitor object at 0x086743F0>, multiSample=False, name='window1', numSamples=2, pos=[0, 0], screen=0, size=array([1920, 1080]), stereo=False, units='height', useFBO=True, useRetina=False, viewOri=0.0, viewPos=None, viewScale=None, waitBlanking=True, winType='pyglet')
5.1358 	EXP 	window1: recordFrameIntervals = False
5.3014 	EXP 	window1: recordFrameIntervals = True
5.4853 	EXP 	window1: recordFrameIntervals = False
5.6273 	EXP 	Created text = TextStim(alignHoriz='center', alignVert='center', antialias=True, autoLog=True, bold=False, color='white', colorSpace='named', contrast=1.0, depth=0.0, flipHoriz=False, flipVert=False, font='Arial', fontFiles=[], height=0.05, italic=False, name='text', opacity=1.0, ori=0, pos=array([ 0.,  0.]), rgb=array([ 255.,  255.,  255.]), text=unicode(...), units='height', win=Window(...), wrapWidth=1)
5.6416 	EXP 	Created text_2 = TextStim(alignHoriz='center', alignVert='center', antialias=True, autoLog=True, bold=False, color='white', colorSpace='named', contrast=1.0, depth=0.0, flipHoriz=False, flipVert=False, font='Arial', fontFiles=[], height=0.05, italic=False, name='text_2', opacity=1.0, ori=0, pos=array([ 0. ,  0.4]), rgb=array([ 255.,  255.,  255.]), text=unicode(...), units='height', win=Window(...), wrapWidth=1)
5.6704 	EXP 	Created text_3 = TextStim(alignHoriz='center', alignVert='center', antialias=True, autoLog=True, bold=False, color='white', colorSpace='named', contrast=1.0, depth=-1.0, flipHoriz=False, flipVert=False, font='Arial', fontFiles=[], height=0.04, italic=False, name='text_3', opacity=1.0, ori=0, pos=array([-0.4 , -0.05]), rgb=array([ 255.,  255.,  255.]), text=unicode(...), units='height', win=Window(...), wrapWidth=1)
5.6885 	EXP 	Created text_4 = TextStim(alignHoriz='center', alignVert='center', antialias=True, autoLog=True, bold=False, color='white', colorSpace='named', contrast=1.0, depth=-2.0, flipHoriz=False, flipVert=False, font='Arial', fontFiles=[], height=0.04, italic=False, name='text_4', opacity=1.0, ori=0, pos=array([ 0.4 , -0.05]), rgb=array([ 255.,  255.,  255.]), text=unicode(...), units='height', win=Window(...), wrapWidth=1)
5.6990 	EXP 	Created image = ImageStim(autoLog=True, color=array([ 1.,  1.,  1.]), colorSpace='rgb', contrast=1.0, depth=-5.0, flipHoriz=False, flipVert=False, image=u'avatar_1.png', interpolate=True, mask=None, maskParams=None, name='image', opacity=1.0, ori=0.0, pos=array([-0.4 , -0.06]), size=array([ 0.3,  0.3]), texRes=128, units='height', win=Window(...))
5.7092 	EXP 	Created image_2 = ImageStim(autoLog=True, color=array([ 1.,  1.,  1.]), colorSpace='rgb', contrast=1.0, depth=-6.0, flipHoriz=False, flipVert=False, image=u'avatar_2.png', interpolate=True, mask=None, maskParams=None, name='image_2', opacity=1.0, ori=0.0, pos=array([ 0.4 , -0.06]), size=array([ 0.3,  0.3]), texRes=128, units='height', win=Window(...))
5.7180 	EXP 	window1: blendMode = 'avg'
5.7346 	EXP 	text: autoDraw = True
5.7350 	EXP 	window1: blendMode = 'avg'
5.7515 	EXP 	window1: blendMode = 'avg'
5.7691 	EXP 	window1: blendMode = 'avg'
5.7858 	EXP 	window1: blendMode = 'avg'
5.8024 	EXP 	window1: blendMode = 'avg'
5.8191 	EXP 	window1: blendMode = 'avg'
5.8357 	EXP 	window1: blendMode = 'avg'
5.8524 	EXP 	window1: blendMode = 'avg'
5.8691 	EXP 	window1: blendMode = 'avg'
5.8858 	EXP 	window1: blendMode = 'avg'
5.9025 	EXP 	window1: blendMode = 'avg'
5.9188 	EXP 	window1: blendMode = 'avg'
5.9361 	EXP 	window1: blendMode = 'avg'
5.9528 	EXP 	window1: blendMode = 'avg'
5.9694 	EXP 	window1: blendMode = 'avg'
5.9862 	EXP 	window1: blendMode = 'avg'
6.0025 	EXP 	window1: blendMode = 'avg'
6.0192 	EXP 	window1: blendMode = 'avg'
6.0359 	EXP 	window1: blendMode = 'avg'
6.0526 	EXP 	window1: blendMode = 'avg'
6.0695 	EXP 	window1: blendMode = 'avg'
6.0861 	EXP 	window1: blendMode = 'avg'
6.1028 	EXP 	window1: blendMode = 'avg'
6.1192 	EXP 	window1: blendMode = 'avg'
6.1359 	EXP 	window1: blendMode = 'avg'
6.1528 	EXP 	window1: blendMode = 'avg'
6.1695 	EXP 	window1: blendMode = 'avg'
6.1862 	EXP 	window1: blendMode = 'avg'
6.2028 	EXP 	window1: blendMode = 'avg'
6.2192 	EXP 	window1: blendMode = 'avg'
6.2360 	EXP 	window1: blendMode = 'avg'
6.2526 	EXP 	window1: blendMode = 'avg'
6.2693 	EXP 	window1: blendMode = 'avg'
6.2859 	EXP 	window1: blendMode = 'avg'
6.3029 	EXP 	window1: blendMode = 'avg'
6.3194 	EXP 	window1: blendMode = 'avg'
6.3359 	EXP 	window1: blendMode = 'avg'
6.3527 	EXP 	window1: blendMode = 'avg'
6.3695 	EXP 	window1: blendMode = 'avg'
6.3862 	EXP 	window1: blendMode = 'avg'
6.4029 	EXP 	window1: blendMode = 'avg'
6.4196 	EXP 	window1: blendMode = 'avg'
6.4361 	EXP 	window1: blendMode = 'avg'
6.4529 	EXP 	window1: blendMode = 'avg'
6.4696 	EXP 	window1: blendMode = 'avg'
6.4862 	EXP 	window1: blendMode = 'avg'
6.5030 	EXP 	window1: blendMode = 'avg'
6.5196 	EXP 	window1: blendMode = 'avg'
6.5362 	EXP 	window1: blendMode = 'avg'
6.5529 	EXP 	window1: blendMode = 'avg'
6.5696 	EXP 	window1: blendMode = 'avg'
6.5863 	EXP 	window1: blendMode = 'avg'
6.6030 	EXP 	window1: blendMode = 'avg'
6.6196 	EXP 	window1: blendMode = 'avg'
6.6362 	EXP 	window1: blendMode = 'avg'
6.6529 	EXP 	window1: blendMode = 'avg'
6.6697 	EXP 	window1: blendMode = 'avg'
6.6863 	EXP 	window1: blendMode = 'avg'
6.7030 	EXP 	window1: blendMode = 'avg'
6.7197 	EXP 	window1: blendMode = 'avg'
6.7363 	EXP 	window1: blendMode = 'avg'
6.7538 	DATA 	Keypress: space
6.7805 	EXP 	Created unnamed Circle = Circle(autoDraw=False, autoLog=True, closeShape=True, contrast=1.0, depth=0, fillColor=None, fillColorSpace='rgb', fillRGB=None, interpolate=True, lineColor='green', lineColorSpace='named', lineRGB=array([   0.,  128.,    0.]), lineWidth=5.0, name='unnamed Circle', opacity=1.0, ori=array(0.0), pos=array([ 0.4 , -0.09]), size=array([ 1.,  1.]), units='height', vertices=ndarray(...), win=Window(...))
6.7982 	EXP 	Created unnamed Circle = Circle(autoDraw=False, autoLog=True, closeShape=True, contrast=1.0, depth=0, fillColor=None, fillColorSpace='rgb', fillRGB=None, interpolate=True, lineColor='green', lineColorSpace='named', lineRGB=array([   0.,  128.,    0.]), lineWidth=5.0, name='unnamed Circle', opacity=1.0, ori=array(0.0), pos=array([-0.4 , -0.09]), size=array([ 1.,  1.]), units='height', vertices=ndarray(...), win=Window(...))
6.8002 	EXP 	window1: blendMode = 'avg'
6.8013 	EXP 	window1: blendMode = 'avg'
6.8023 	EXP 	window1: blendMode = 'avg'
6.8183 	EXP 	text: autoDraw = False
6.8183 	EXP 	text_2: autoDraw = True
6.8183 	EXP 	text_3: autoDraw = True
6.8183 	EXP 	text_4: autoDraw = True
6.8183 	EXP 	image: autoDraw = True
6.8183 	EXP 	image_2: autoDraw = True
6.8190 	EXP 	window1: blendMode = 'avg'
6.8193 	EXP 	window1: blendMode = 'avg'
6.8196 	EXP 	window1: blendMode = 'avg'
6.8364 	EXP 	window1: blendMode = 'avg'
6.8371 	EXP 	window1: blendMode = 'avg'
6.8378 	EXP 	window1: blendMode = 'avg'
6.8531 	EXP 	window1: blendMode = 'avg'
6.8538 	EXP 	window1: blendMode = 'avg'
6.8545 	EXP 	window1: blendMode = 'avg'
6.8696 	EXP 	window1: blendMode = 'avg'
6.8703 	EXP 	window1: blendMode = 'avg'
6.8710 	EXP 	window1: blendMode = 'avg'
6.8864 	EXP 	window1: blendMode = 'avg'
6.8872 	EXP 	window1: blendMode = 'avg'
6.8878 	EXP 	window1: blendMode = 'avg'
6.9028 	EXP 	window1: blendMode = 'avg'
6.9034 	EXP 	window1: blendMode = 'avg'
6.9039 	EXP 	window1: blendMode = 'avg'
6.9195 	EXP 	window1: blendMode = 'avg'
6.9201 	EXP 	window1: blendMode = 'avg'
6.9206 	EXP 	window1: blendMode = 'avg'
6.9361 	EXP 	window1: blendMode = 'avg'
6.9367 	EXP 	window1: blendMode = 'avg'
6.9372 	EXP 	window1: blendMode = 'avg'
6.9530 	EXP 	window1: blendMode = 'avg'
6.9544 	EXP 	window1: blendMode = 'avg'
6.9551 	EXP 	window1: blendMode = 'avg'
6.9699 	EXP 	window1: blendMode = 'avg'
6.9706 	EXP 	window1: blendMode = 'avg'
6.9713 	EXP 	window1: blendMode = 'avg'
6.9865 	EXP 	window1: blendMode = 'avg'
6.9872 	EXP 	window1: blendMode = 'avg'
6.9879 	EXP 	window1: blendMode = 'avg'
7.0031 	EXP 	window1: blendMode = 'avg'
7.0039 	EXP 	window1: blendMode = 'avg'
7.0045 	EXP 	window1: blendMode = 'avg'
7.0198 	EXP 	window1: blendMode = 'avg'
7.0206 	EXP 	window1: blendMode = 'avg'
7.0212 	EXP 	window1: blendMode = 'avg'
7.0366 	EXP 	window1: blendMode = 'avg'
7.0373 	EXP 	window1: blendMode = 'avg'
7.0380 	EXP 	window1: blendMode = 'avg'
7.0532 	EXP 	window1: blendMode = 'avg'
7.0539 	EXP 	window1: blendMode = 'avg'
7.0546 	EXP 	window1: blendMode = 'avg'
7.0698 	EXP 	window1: blendMode = 'avg'
7.0705 	EXP 	window1: blendMode = 'avg'
7.0711 	EXP 	window1: blendMode = 'avg'
7.0863 	EXP 	window1: blendMode = 'avg'
7.0870 	EXP 	window1: blendMode = 'avg'
7.0876 	EXP 	window1: blendMode = 'avg'
7.1032 	EXP 	window1: blendMode = 'avg'
7.1039 	EXP 	window1: blendMode = 'avg'
7.1046 	EXP 	window1: blendMode = 'avg'
7.1198 	EXP 	window1: blendMode = 'avg'
7.1205 	EXP 	window1: blendMode = 'avg'
7.1212 	EXP 	window1: blendMode = 'avg'
7.1365 	EXP 	window1: blendMode = 'avg'
7.1372 	EXP 	window1: blendMode = 'avg'
7.1379 	EXP 	window1: blendMode = 'avg'
7.1532 	EXP 	window1: blendMode = 'avg'
7.1540 	EXP 	window1: blendMode = 'avg'
7.1546 	EXP 	window1: blendMode = 'avg'
7.1699 	EXP 	window1: blendMode = 'avg'
7.1706 	EXP 	window1: blendMode = 'avg'
7.1712 	EXP 	window1: blendMode = 'avg'
7.1866 	EXP 	window1: blendMode = 'avg'
7.1873 	EXP 	window1: blendMode = 'avg'
7.1880 	EXP 	window1: blendMode = 'avg'
7.2030 	EXP 	window1: blendMode = 'avg'
7.2038 	EXP 	window1: blendMode = 'avg'
7.2044 	EXP 	window1: blendMode = 'avg'
7.2199 	EXP 	window1: blendMode = 'avg'
7.2206 	EXP 	window1: blendMode = 'avg'
7.2213 	EXP 	window1: blendMode = 'avg'
7.2366 	EXP 	window1: blendMode = 'avg'
7.2373 	EXP 	window1: blendMode = 'avg'
7.2379 	EXP 	window1: blendMode = 'avg'
7.2532 	EXP 	window1: blendMode = 'avg'
7.2540 	EXP 	window1: blendMode = 'avg'
7.2546 	EXP 	window1: blendMode = 'avg'
7.2699 	EXP 	window1: blendMode = 'avg'
7.2706 	EXP 	window1: blendMode = 'avg'
7.2713 	EXP 	window1: blendMode = 'avg'
7.2866 	EXP 	window1: blendMode = 'avg'
7.2873 	EXP 	window1: blendMode = 'avg'
7.2879 	EXP 	window1: blendMode = 'avg'
7.3032 	EXP 	window1: blendMode = 'avg'
7.3039 	EXP 	window1: blendMode = 'avg'
7.3045 	EXP 	window1: blendMode = 'avg'
7.3199 	EXP 	window1: blendMode = 'avg'
7.3206 	EXP 	window1: blendMode = 'avg'
7.3213 	EXP 	window1: blendMode = 'avg'
7.3366 	EXP 	window1: blendMode = 'avg'
7.3373 	EXP 	window1: blendMode = 'avg'
7.3380 	EXP 	window1: blendMode = 'avg'
7.3533 	EXP 	window1: blendMode = 'avg'
7.3540 	EXP 	window1: blendMode = 'avg'
7.3547 	EXP 	window1: blendMode = 'avg'
7.3699 	EXP 	window1: blendMode = 'avg'
7.3706 	EXP 	window1: blendMode = 'avg'
7.3713 	EXP 	window1: blendMode = 'avg'
7.3866 	EXP 	window1: blendMode = 'avg'
7.3873 	EXP 	window1: blendMode = 'avg'
7.3880 	EXP 	window1: blendMode = 'avg'
7.4033 	EXP 	window1: blendMode = 'avg'
7.4040 	EXP 	window1: blendMode = 'avg'
7.4047 	EXP 	window1: blendMode = 'avg'
7.4198 	EXP 	window1: blendMode = 'avg'
7.4206 	EXP 	window1: blendMode = 'avg'
7.4212 	EXP 	window1: blendMode = 'avg'
7.4366 	EXP 	window1: blendMode = 'avg'
7.4373 	EXP 	window1: blendMode = 'avg'
7.4380 	EXP 	window1: blendMode = 'avg'
7.4533 	EXP 	window1: blendMode = 'avg'
7.4540 	EXP 	window1: blendMode = 'avg'
7.4547 	EXP 	window1: blendMode = 'avg'
7.4700 	EXP 	window1: blendMode = 'avg'
7.4707 	EXP 	window1: blendMode = 'avg'
7.4713 	EXP 	window1: blendMode = 'avg'
7.4866 	EXP 	window1: blendMode = 'avg'
7.4873 	EXP 	window1: blendMode = 'avg'
7.4880 	EXP 	window1: blendMode = 'avg'
7.5033 	EXP 	window1: blendMode = 'avg'
7.5040 	EXP 	window1: blendMode = 'avg'
7.5047 	EXP 	window1: blendMode = 'avg'
7.5198 	EXP 	window1: blendMode = 'avg'
7.5205 	EXP 	window1: blendMode = 'avg'
7.5212 	EXP 	window1: blendMode = 'avg'
7.5367 	EXP 	window1: blendMode = 'avg'
7.5374 	EXP 	window1: blendMode = 'avg'
7.5380 	EXP 	window1: blendMode = 'avg'
7.5526 	DATA 	Keypress: left
7.5539 	EXP 	window1: blendMode = 'avg'
7.5546 	EXP 	window1: blendMode = 'avg'
7.5553 	EXP 	window1: blendMode = 'avg'
7.5700 	EXP 	window1: blendMode = 'avg'
7.5707 	EXP 	window1: blendMode = 'avg'
7.5714 	EXP 	window1: blendMode = 'avg'
7.5867 	EXP 	window1: blendMode = 'avg'
7.5874 	EXP 	window1: blendMode = 'avg'
7.5880 	EXP 	window1: blendMode = 'avg'
7.6033 	EXP 	window1: blendMode = 'avg'
7.6040 	EXP 	window1: blendMode = 'avg'
7.6047 	EXP 	window1: blendMode = 'avg'
7.6200 	EXP 	window1: blendMode = 'avg'
7.6207 	EXP 	window1: blendMode = 'avg'
7.6214 	EXP 	window1: blendMode = 'avg'
7.6365 	EXP 	window1: blendMode = 'avg'
7.6373 	EXP 	window1: blendMode = 'avg'
7.6379 	EXP 	window1: blendMode = 'avg'
7.6534 	EXP 	window1: blendMode = 'avg'
7.6541 	EXP 	window1: blendMode = 'avg'
7.6547 	EXP 	window1: blendMode = 'avg'
7.6701 	EXP 	window1: blendMode = 'avg'
7.6708 	EXP 	window1: blendMode = 'avg'
7.6714 	EXP 	window1: blendMode = 'avg'
7.6867 	EXP 	window1: blendMode = 'avg'
7.6874 	EXP 	window1: blendMode = 'avg'
7.6881 	EXP 	window1: blendMode = 'avg'
7.7034 	EXP 	window1: blendMode = 'avg'
7.7041 	EXP 	window1: blendMode = 'avg'
7.7048 	EXP 	window1: blendMode = 'avg'
7.7201 	EXP 	window1: blendMode = 'avg'
7.7208 	EXP 	window1: blendMode = 'avg'
7.7214 	EXP 	window1: blendMode = 'avg'
7.7367 	EXP 	window1: blendMode = 'avg'
7.7374 	EXP 	window1: blendMode = 'avg'
7.7381 	EXP 	window1: blendMode = 'avg'
7.7533 	EXP 	window1: blendMode = 'avg'
7.7540 	EXP 	window1: blendMode = 'avg'
7.7547 	EXP 	window1: blendMode = 'avg'
7.7701 	EXP 	window1: blendMode = 'avg'
7.7708 	EXP 	window1: blendMode = 'avg'
7.7714 	EXP 	window1: blendMode = 'avg'
7.7867 	EXP 	window1: blendMode = 'avg'
7.7874 	EXP 	window1: blendMode = 'avg'
7.7881 	EXP 	window1: blendMode = 'avg'
7.8034 	EXP 	window1: blendMode = 'avg'
7.8041 	EXP 	window1: blendMode = 'avg'
7.8047 	EXP 	window1: blendMode = 'avg'
7.8201 	EXP 	window1: blendMode = 'avg'
7.8208 	EXP 	window1: blendMode = 'avg'
7.8214 	EXP 	window1: blendMode = 'avg'
7.8367 	EXP 	window1: blendMode = 'avg'
7.8375 	EXP 	window1: blendMode = 'avg'
7.8381 	EXP 	window1: blendMode = 'avg'
7.8533 	EXP 	window1: blendMode = 'avg'
7.8540 	EXP 	window1: blendMode = 'avg'
7.8547 	EXP 	window1: blendMode = 'avg'
7.8701 	EXP 	window1: blendMode = 'avg'
7.8708 	EXP 	window1: blendMode = 'avg'
7.8714 	EXP 	window1: blendMode = 'avg'
7.8867 	EXP 	window1: blendMode = 'avg'
7.8874 	EXP 	window1: blendMode = 'avg'
7.8881 	EXP 	window1: blendMode = 'avg'
7.9034 	EXP 	window1: blendMode = 'avg'
7.9041 	EXP 	window1: blendMode = 'avg'
7.9048 	EXP 	window1: blendMode = 'avg'
7.9201 	EXP 	window1: blendMode = 'avg'
7.9208 	EXP 	window1: blendMode = 'avg'
7.9215 	EXP 	window1: blendMode = 'avg'
7.9368 	EXP 	window1: blendMode = 'avg'
7.9375 	EXP 	window1: blendMode = 'avg'
7.9381 	EXP 	window1: blendMode = 'avg'
7.9535 	EXP 	window1: blendMode = 'avg'
7.9542 	EXP 	window1: blendMode = 'avg'
7.9549 	EXP 	window1: blendMode = 'avg'
7.9701 	EXP 	window1: blendMode = 'avg'
7.9708 	EXP 	window1: blendMode = 'avg'
7.9715 	EXP 	window1: blendMode = 'avg'
7.9868 	EXP 	window1: blendMode = 'avg'
7.9875 	EXP 	window1: blendMode = 'avg'
7.9882 	EXP 	window1: blendMode = 'avg'
8.0034 	EXP 	window1: blendMode = 'avg'
8.0042 	EXP 	window1: blendMode = 'avg'
8.0048 	EXP 	window1: blendMode = 'avg'
8.0201 	EXP 	window1: blendMode = 'avg'
8.0208 	EXP 	window1: blendMode = 'avg'
8.0215 	EXP 	window1: blendMode = 'avg'
8.0369 	EXP 	window1: blendMode = 'avg'
8.0377 	EXP 	window1: blendMode = 'avg'
8.0384 	EXP 	window1: blendMode = 'avg'
8.0535 	EXP 	window1: blendMode = 'avg'
8.0542 	EXP 	window1: blendMode = 'avg'
8.0548 	EXP 	window1: blendMode = 'avg'
8.0703 	EXP 	window1: blendMode = 'avg'
8.0710 	EXP 	window1: blendMode = 'avg'
8.0718 	EXP 	window1: blendMode = 'avg'
8.0868 	EXP 	window1: blendMode = 'avg'
8.0875 	EXP 	window1: blendMode = 'avg'
8.0882 	EXP 	window1: blendMode = 'avg'
8.1035 	EXP 	window1: blendMode = 'avg'
8.1042 	EXP 	window1: blendMode = 'avg'
8.1049 	EXP 	window1: blendMode = 'avg'
8.1201 	EXP 	window1: blendMode = 'avg'
8.1209 	EXP 	window1: blendMode = 'avg'
8.1215 	EXP 	window1: blendMode = 'avg'
8.1368 	EXP 	window1: blendMode = 'avg'
8.1375 	EXP 	window1: blendMode = 'avg'
8.1382 	EXP 	window1: blendMode = 'avg'
8.1535 	EXP 	window1: blendMode = 'avg'
8.1542 	EXP 	window1: blendMode = 'avg'
8.1549 	EXP 	window1: blendMode = 'avg'
8.1702 	EXP 	window1: blendMode = 'avg'
8.1709 	EXP 	window1: blendMode = 'avg'
8.1716 	EXP 	window1: blendMode = 'avg'
8.1869 	EXP 	window1: blendMode = 'avg'
8.1876 	EXP 	window1: blendMode = 'avg'
8.1882 	EXP 	window1: blendMode = 'avg'
8.2035 	EXP 	window1: blendMode = 'avg'
8.2042 	EXP 	window1: blendMode = 'avg'
8.2048 	EXP 	window1: blendMode = 'avg'
8.2202 	EXP 	window1: blendMode = 'avg'
8.2209 	EXP 	window1: blendMode = 'avg'
8.2216 	EXP 	window1: blendMode = 'avg'
8.2368 	EXP 	window1: blendMode = 'avg'
8.2376 	EXP 	window1: blendMode = 'avg'
8.2382 	EXP 	window1: blendMode = 'avg'
8.2535 	EXP 	window1: blendMode = 'avg'
8.2542 	EXP 	window1: blendMode = 'avg'
8.2549 	EXP 	window1: blendMode = 'avg'
8.2739 	EXP 	window1: blendMode = 'avg'
8.2746 	EXP 	window1: blendMode = 'avg'
8.2752 	EXP 	window1: blendMode = 'avg'
8.2866 	EXP 	window1: blendMode = 'avg'
8.2873 	EXP 	window1: blendMode = 'avg'
8.2880 	EXP 	window1: blendMode = 'avg'
8.3036 	EXP 	window1: blendMode = 'avg'
8.3043 	EXP 	window1: blendMode = 'avg'
8.3050 	EXP 	window1: blendMode = 'avg'
8.3202 	EXP 	window1: blendMode = 'avg'
8.3210 	EXP 	window1: blendMode = 'avg'
8.3216 	EXP 	window1: blendMode = 'avg'
8.3369 	EXP 	window1: blendMode = 'avg'
8.3376 	EXP 	window1: blendMode = 'avg'
8.3383 	EXP 	window1: blendMode = 'avg'
8.3535 	EXP 	window1: blendMode = 'avg'
8.3542 	EXP 	window1: blendMode = 'avg'
8.3548 	EXP 	window1: blendMode = 'avg'
8.3703 	EXP 	window1: blendMode = 'avg'
8.3710 	EXP 	window1: blendMode = 'avg'
8.3716 	EXP 	window1: blendMode = 'avg'
8.3869 	EXP 	window1: blendMode = 'avg'
8.3876 	EXP 	window1: blendMode = 'avg'
8.3883 	EXP 	window1: blendMode = 'avg'
8.4035 	EXP 	window1: blendMode = 'avg'
8.4042 	EXP 	window1: blendMode = 'avg'
8.4048 	EXP 	window1: blendMode = 'avg'
8.4203 	EXP 	window1: blendMode = 'avg'
8.4210 	EXP 	window1: blendMode = 'avg'
8.4217 	EXP 	window1: blendMode = 'avg'
8.4369 	EXP 	window1: blendMode = 'avg'
8.4377 	EXP 	window1: blendMode = 'avg'
8.4383 	EXP 	window1: blendMode = 'avg'
8.4536 	EXP 	window1: blendMode = 'avg'
8.4543 	EXP 	window1: blendMode = 'avg'
8.4550 	EXP 	window1: blendMode = 'avg'
8.4703 	EXP 	window1: blendMode = 'avg'
8.4710 	EXP 	window1: blendMode = 'avg'
8.4717 	EXP 	window1: blendMode = 'avg'
8.4869 	EXP 	window1: blendMode = 'avg'
8.4876 	EXP 	window1: blendMode = 'avg'
8.4883 	EXP 	window1: blendMode = 'avg'
8.5033 	EXP 	window1: blendMode = 'avg'
8.5040 	EXP 	window1: blendMode = 'avg'
8.5047 	EXP 	window1: blendMode = 'avg'
8.5203 	EXP 	window1: blendMode = 'avg'
8.5210 	EXP 	window1: blendMode = 'avg'
8.5216 	EXP 	window1: blendMode = 'avg'
8.5370 	EXP 	window1: blendMode = 'avg'
8.5377 	EXP 	window1: blendMode = 'avg'
8.5383 	EXP 	window1: blendMode = 'avg'
8.5529 	DATA 	Keypress: right
8.5541 	EXP 	window1: blendMode = 'avg'
8.5548 	EXP 	window1: blendMode = 'avg'
8.5554 	EXP 	window1: blendMode = 'avg'
8.5703 	EXP 	window1: blendMode = 'avg'
8.5710 	EXP 	window1: blendMode = 'avg'
8.5717 	EXP 	window1: blendMode = 'avg'
8.5870 	EXP 	window1: blendMode = 'avg'
8.5877 	EXP 	window1: blendMode = 'avg'
8.5884 	EXP 	window1: blendMode = 'avg'
8.6036 	EXP 	window1: blendMode = 'avg'
8.6043 	EXP 	window1: blendMode = 'avg'
8.6050 	EXP 	window1: blendMode = 'avg'
8.6201 	EXP 	window1: blendMode = 'avg'
8.6208 	EXP 	window1: blendMode = 'avg'
8.6215 	EXP 	window1: blendMode = 'avg'
8.6370 	EXP 	window1: blendMode = 'avg'
8.6377 	EXP 	window1: blendMode = 'avg'
8.6383 	EXP 	window1: blendMode = 'avg'
8.6536 	EXP 	window1: blendMode = 'avg'
8.6543 	EXP 	window1: blendMode = 'avg'
8.6550 	EXP 	window1: blendMode = 'avg'
8.6703 	EXP 	window1: blendMode = 'avg'
8.6711 	EXP 	window1: blendMode = 'avg'
8.6717 	EXP 	window1: blendMode = 'avg'
8.6870 	EXP 	window1: blendMode = 'avg'
8.6877 	EXP 	window1: blendMode = 'avg'
8.6883 	EXP 	window1: blendMode = 'avg'
8.7037 	EXP 	window1: blendMode = 'avg'
8.7044 	EXP 	window1: blendMode = 'avg'
8.7050 	EXP 	window1: blendMode = 'avg'
8.7202 	EXP 	window1: blendMode = 'avg'
8.7209 	EXP 	window1: blendMode = 'avg'
8.7216 	EXP 	window1: blendMode = 'avg'
8.7370 	EXP 	window1: blendMode = 'avg'
8.7377 	EXP 	window1: blendMode = 'avg'
8.7383 	EXP 	window1: blendMode = 'avg'
8.7537 	EXP 	window1: blendMode = 'avg'
8.7544 	EXP 	window1: blendMode = 'avg'
8.7551 	EXP 	window1: blendMode = 'avg'
8.7704 	EXP 	window1: blendMode = 'avg'
8.7711 	EXP 	window1: blendMode = 'avg'
8.7718 	EXP 	window1: blendMode = 'avg'
8.7870 	EXP 	window1: blendMode = 'avg'
8.7877 	EXP 	window1: blendMode = 'avg'
8.7883 	EXP 	window1: blendMode = 'avg'
8.8037 	EXP 	window1: blendMode = 'avg'
8.8044 	EXP 	window1: blendMode = 'avg'
8.8051 	EXP 	window1: blendMode = 'avg'
8.8203 	EXP 	window1: blendMode = 'avg'
8.8211 	EXP 	window1: blendMode = 'avg'
8.8217 	EXP 	window1: blendMode = 'avg'
8.8369 	EXP 	window1: blendMode = 'avg'
8.8376 	EXP 	window1: blendMode = 'avg'
8.8383 	EXP 	window1: blendMode = 'avg'
8.8537 	EXP 	window1: blendMode = 'avg'
8.8544 	EXP 	window1: blendMode = 'avg'
8.8551 	EXP 	window1: blendMode = 'avg'
8.8704 	EXP 	window1: blendMode = 'avg'
8.8711 	EXP 	window1: blendMode = 'avg'
8.8718 	EXP 	window1: blendMode = 'avg'
8.8870 	EXP 	window1: blendMode = 'avg'
8.8877 	EXP 	window1: blendMode = 'avg'
8.8884 	EXP 	window1: blendMode = 'avg'
8.9037 	EXP 	window1: blendMode = 'avg'
8.9044 	EXP 	window1: blendMode = 'avg'
8.9051 	EXP 	window1: blendMode = 'avg'
8.9204 	EXP 	window1: blendMode = 'avg'
8.9211 	EXP 	window1: blendMode = 'avg'
8.9218 	EXP 	window1: blendMode = 'avg'
8.9371 	EXP 	window1: blendMode = 'avg'
8.9378 	EXP 	window1: blendMode = 'avg'
8.9385 	EXP 	window1: blendMode = 'avg'
8.9536 	EXP 	window1: blendMode = 'avg'
8.9547 	EXP 	window1: blendMode = 'avg'
8.9554 	EXP 	window1: blendMode = 'avg'
8.9704 	EXP 	window1: blendMode = 'avg'
8.9711 	EXP 	window1: blendMode = 'avg'
8.9718 	EXP 	window1: blendMode = 'avg'
8.9871 	EXP 	window1: blendMode = 'avg'
8.9878 	EXP 	window1: blendMode = 'avg'
8.9884 	EXP 	window1: blendMode = 'avg'
9.0037 	EXP 	window1: blendMode = 'avg'
9.0045 	EXP 	window1: blendMode = 'avg'
9.0051 	EXP 	window1: blendMode = 'avg'
9.0204 	EXP 	window1: blendMode = 'avg'
9.0211 	EXP 	window1: blendMode = 'avg'
9.0218 	EXP 	window1: blendMode = 'avg'
9.0372 	EXP 	window1: blendMode = 'avg'
9.0379 	EXP 	window1: blendMode = 'avg'
9.0385 	EXP 	window1: blendMode = 'avg'
9.0536 	EXP 	window1: blendMode = 'avg'
9.0543 	EXP 	window1: blendMode = 'avg'
9.0550 	EXP 	window1: blendMode = 'avg'
9.0704 	EXP 	window1: blendMode = 'avg'
9.0711 	EXP 	window1: blendMode = 'avg'
9.0718 	EXP 	window1: blendMode = 'avg'
9.0871 	EXP 	window1: blendMode = 'avg'
9.0878 	EXP 	window1: blendMode = 'avg'
9.0885 	EXP 	window1: blendMode = 'avg'
9.1038 	EXP 	window1: blendMode = 'avg'
9.1045 	EXP 	window1: blendMode = 'avg'
9.1052 	EXP 	window1: blendMode = 'avg'
9.1204 	EXP 	window1: blendMode = 'avg'
9.1211 	EXP 	window1: blendMode = 'avg'
9.1218 	EXP 	window1: blendMode = 'avg'
9.1371 	EXP 	window1: blendMode = 'avg'
9.1378 	EXP 	window1: blendMode = 'avg'
9.1385 	EXP 	window1: blendMode = 'avg'
9.1538 	EXP 	window1: blendMode = 'avg'
9.1546 	EXP 	window1: blendMode = 'avg'
9.1552 	EXP 	window1: blendMode = 'avg'
9.1704 	EXP 	window1: blendMode = 'avg'
9.1711 	EXP 	window1: blendMode = 'avg'
9.1718 	EXP 	window1: blendMode = 'avg'
9.1871 	EXP 	window1: blendMode = 'avg'
9.1878 	EXP 	window1: blendMode = 'avg'
9.1885 	EXP 	window1: blendMode = 'avg'
9.2038 	EXP 	window1: blendMode = 'avg'
9.2046 	EXP 	window1: blendMode = 'avg'
9.2052 	EXP 	window1: blendMode = 'avg'
9.2204 	EXP 	window1: blendMode = 'avg'
9.2211 	EXP 	window1: blendMode = 'avg'
9.2218 	EXP 	window1: blendMode = 'avg'
9.2371 	EXP 	window1: blendMode = 'avg'
9.2379 	EXP 	window1: blendMode = 'avg'
9.2385 	EXP 	window1: blendMode = 'avg'
9.2541 	EXP 	window1: blendMode = 'avg'
9.2548 	EXP 	window1: blendMode = 'avg'
9.2554 	EXP 	window1: blendMode = 'avg'
9.2703 	EXP 	window1: blendMode = 'avg'
9.2710 	EXP 	window1: blendMode = 'avg'
9.2717 	EXP 	window1: blendMode = 'avg'
9.2872 	EXP 	window1: blendMode = 'avg'
9.2879 	EXP 	window1: blendMode = 'avg'
9.2885 	EXP 	window1: blendMode = 'avg'
9.3039 	EXP 	window1: blendMode = 'avg'
9.3046 	EXP 	window1: blendMode = 'avg'
9.3052 	EXP 	window1: blendMode = 'avg'
9.3205 	EXP 	window1: blendMode = 'avg'
9.3212 	EXP 	window1: blendMode = 'avg'
9.3219 	EXP 	window1: blendMode = 'avg'
9.3372 	EXP 	window1: blendMode = 'avg'
9.3379 	EXP 	window1: blendMode = 'avg'
9.3385 	EXP 	window1: blendMode = 'avg'
9.3539 	EXP 	window1: blendMode = 'avg'
9.3546 	EXP 	window1: blendMode = 'avg'
9.3553 	EXP 	window1: blendMode = 'avg'
9.3705 	EXP 	window1: blendMode = 'avg'
9.3712 	EXP 	window1: blendMode = 'avg'
9.3719 	EXP 	window1: blendMode = 'avg'
9.3870 	EXP 	window1: blendMode = 'avg'
9.3878 	EXP 	window1: blendMode = 'avg'
9.3884 	EXP 	window1: blendMode = 'avg'
9.4038 	EXP 	window1: blendMode = 'avg'
9.4046 	EXP 	window1: blendMode = 'avg'
9.4052 	EXP 	window1: blendMode = 'avg'
9.4205 	EXP 	window1: blendMode = 'avg'
9.4212 	EXP 	window1: blendMode = 'avg'
9.4219 	EXP 	window1: blendMode = 'avg'
9.4372 	EXP 	window1: blendMode = 'avg'
9.4379 	EXP 	window1: blendMode = 'avg'
9.4386 	EXP 	window1: blendMode = 'avg'
9.4539 	EXP 	window1: blendMode = 'avg'
9.4546 	EXP 	window1: blendMode = 'avg'
9.4553 	EXP 	window1: blendMode = 'avg'
9.4705 	EXP 	window1: blendMode = 'avg'
9.4712 	EXP 	window1: blendMode = 'avg'
9.4719 	EXP 	window1: blendMode = 'avg'
9.4870 	EXP 	window1: blendMode = 'avg'
9.4877 	EXP 	window1: blendMode = 'avg'
9.4883 	EXP 	window1: blendMode = 'avg'
9.5039 	EXP 	window1: blendMode = 'avg'
9.5046 	EXP 	window1: blendMode = 'avg'
9.5053 	EXP 	window1: blendMode = 'avg'
9.5205 	EXP 	window1: blendMode = 'avg'
9.5212 	EXP 	window1: blendMode = 'avg'
9.5219 	EXP 	window1: blendMode = 'avg'
9.5372 	EXP 	window1: blendMode = 'avg'
9.5379 	EXP 	window1: blendMode = 'avg'
9.5386 	EXP 	window1: blendMode = 'avg'
9.5539 	EXP 	window1: blendMode = 'avg'
9.5547 	EXP 	window1: blendMode = 'avg'
9.5553 	EXP 	window1: blendMode = 'avg'
9.5706 	EXP 	window1: blendMode = 'avg'
9.5713 	EXP 	window1: blendMode = 'avg'
9.5720 	EXP 	window1: blendMode = 'avg'
9.5872 	EXP 	window1: blendMode = 'avg'
9.5880 	EXP 	window1: blendMode = 'avg'
9.5886 	EXP 	window1: blendMode = 'avg'
9.6038 	EXP 	window1: blendMode = 'avg'
9.6045 	EXP 	window1: blendMode = 'avg'
9.6051 	EXP 	window1: blendMode = 'avg'
9.6206 	EXP 	window1: blendMode = 'avg'
9.6213 	EXP 	window1: blendMode = 'avg'
9.6220 	EXP 	window1: blendMode = 'avg'
9.6373 	EXP 	window1: blendMode = 'avg'
9.6380 	EXP 	window1: blendMode = 'avg'
9.6386 	EXP 	window1: blendMode = 'avg'
9.6540 	EXP 	window1: blendMode = 'avg'
9.6547 	EXP 	window1: blendMode = 'avg'
9.6554 	EXP 	window1: blendMode = 'avg'
9.6706 	EXP 	window1: blendMode = 'avg'
9.6713 	EXP 	window1: blendMode = 'avg'
9.6720 	EXP 	window1: blendMode = 'avg'
9.6873 	EXP 	window1: blendMode = 'avg'
9.6880 	EXP 	window1: blendMode = 'avg'
9.6886 	EXP 	window1: blendMode = 'avg'
9.7038 	EXP 	window1: blendMode = 'avg'
9.7045 	EXP 	window1: blendMode = 'avg'
9.7051 	EXP 	window1: blendMode = 'avg'
9.7196 	DATA 	Keypress: left
9.7203 	EXP 	window1: blendMode = 'avg'
9.7208 	EXP 	window1: blendMode = 'avg'
9.7212 	EXP 	window1: blendMode = 'avg'
9.7367 	EXP 	window1: blendMode = 'avg'
9.7371 	EXP 	window1: blendMode = 'avg'
9.7375 	EXP 	window1: blendMode = 'avg'
9.7534 	EXP 	window1: blendMode = 'avg'
9.7538 	EXP 	window1: blendMode = 'avg'
9.7542 	EXP 	window1: blendMode = 'avg'
9.7700 	EXP 	window1: blendMode = 'avg'
9.7705 	EXP 	window1: blendMode = 'avg'
9.7709 	EXP 	window1: blendMode = 'avg'
9.7867 	EXP 	window1: blendMode = 'avg'
9.7872 	EXP 	window1: blendMode = 'avg'
9.7876 	EXP 	window1: blendMode = 'avg'
9.8042 	EXP 	window1: blendMode = 'avg'
9.8051 	EXP 	window1: blendMode = 'avg'
9.8058 	EXP 	window1: blendMode = 'avg'
9.8205 	EXP 	window1: blendMode = 'avg'
9.8212 	EXP 	window1: blendMode = 'avg'
9.8219 	EXP 	window1: blendMode = 'avg'
9.8373 	EXP 	window1: blendMode = 'avg'
9.8380 	EXP 	window1: blendMode = 'avg'
9.8387 	EXP 	window1: blendMode = 'avg'
9.8540 	EXP 	window1: blendMode = 'avg'
9.8547 	EXP 	window1: blendMode = 'avg'
9.8554 	EXP 	window1: blendMode = 'avg'
9.8707 	EXP 	window1: blendMode = 'avg'
9.8714 	EXP 	window1: blendMode = 'avg'
9.8720 	EXP 	window1: blendMode = 'avg'
9.8873 	EXP 	window1: blendMode = 'avg'
9.8880 	EXP 	window1: blendMode = 'avg'
9.8888 	EXP 	window1: blendMode = 'avg'
9.9040 	EXP 	window1: blendMode = 'avg'
9.9047 	EXP 	window1: blendMode = 'avg'
9.9054 	EXP 	window1: blendMode = 'avg'
9.9206 	EXP 	window1: blendMode = 'avg'
9.9213 	EXP 	window1: blendMode = 'avg'
9.9220 	EXP 	window1: blendMode = 'avg'
9.9374 	EXP 	window1: blendMode = 'avg'
9.9381 	EXP 	window1: blendMode = 'avg'
9.9387 	EXP 	window1: blendMode = 'avg'
9.9540 	EXP 	window1: blendMode = 'avg'
9.9548 	EXP 	window1: blendMode = 'avg'
9.9554 	EXP 	window1: blendMode = 'avg'
9.9707 	EXP 	window1: blendMode = 'avg'
9.9714 	EXP 	window1: blendMode = 'avg'
9.9721 	EXP 	window1: blendMode = 'avg'
9.9735 	DATA 	Keypress: right
9.9874 	EXP 	window1: blendMode = 'avg'
9.9881 	EXP 	window1: blendMode = 'avg'
9.9888 	EXP 	window1: blendMode = 'avg'
10.0040 	EXP 	window1: blendMode = 'avg'
10.0047 	EXP 	window1: blendMode = 'avg'
10.0054 	EXP 	window1: blendMode = 'avg'
10.0207 	EXP 	window1: blendMode = 'avg'
10.0214 	EXP 	window1: blendMode = 'avg'
10.0221 	EXP 	window1: blendMode = 'avg'
10.0373 	EXP 	window1: blendMode = 'avg'
10.0380 	EXP 	window1: blendMode = 'avg'
10.0386 	EXP 	window1: blendMode = 'avg'
10.0543 	EXP 	window1: blendMode = 'avg'
10.0551 	EXP 	window1: blendMode = 'avg'
10.0557 	EXP 	window1: blendMode = 'avg'
10.0707 	EXP 	window1: blendMode = 'avg'
10.0714 	EXP 	window1: blendMode = 'avg'
10.0720 	EXP 	window1: blendMode = 'avg'
10.0874 	EXP 	window1: blendMode = 'avg'
10.0881 	EXP 	window1: blendMode = 'avg'
10.0888 	EXP 	window1: blendMode = 'avg'
10.1041 	EXP 	window1: blendMode = 'avg'
10.1048 	EXP 	window1: blendMode = 'avg'
10.1054 	EXP 	window1: blendMode = 'avg'
10.1207 	EXP 	window1: blendMode = 'avg'
10.1214 	EXP 	window1: blendMode = 'avg'
10.1221 	EXP 	window1: blendMode = 'avg'
10.1373 	EXP 	window1: blendMode = 'avg'
10.1380 	EXP 	window1: blendMode = 'avg'
10.1387 	EXP 	window1: blendMode = 'avg'
10.1540 	EXP 	window1: blendMode = 'avg'
10.1547 	EXP 	window1: blendMode = 'avg'
10.1554 	EXP 	window1: blendMode = 'avg'
10.1707 	EXP 	window1: blendMode = 'avg'
10.1715 	EXP 	window1: blendMode = 'avg'
10.1721 	EXP 	window1: blendMode = 'avg'
10.1874 	EXP 	window1: blendMode = 'avg'
10.1881 	EXP 	window1: blendMode = 'avg'
10.1890 	EXP 	window1: blendMode = 'avg'
10.1902 	DATA 	Keypress: left
10.2041 	EXP 	window1: blendMode = 'avg'
10.2048 	EXP 	window1: blendMode = 'avg'
10.2055 	EXP 	window1: blendMode = 'avg'
10.2208 	EXP 	window1: blendMode = 'avg'
10.2215 	EXP 	window1: blendMode = 'avg'
10.2221 	EXP 	window1: blendMode = 'avg'
10.2374 	EXP 	window1: blendMode = 'avg'
10.2382 	EXP 	window1: blendMode = 'avg'
10.2388 	EXP 	window1: blendMode = 'avg'
10.2539 	EXP 	window1: blendMode = 'avg'
10.2546 	EXP 	window1: blendMode = 'avg'
10.2553 	EXP 	window1: blendMode = 'avg'
10.2711 	EXP 	window1: blendMode = 'avg'
10.2718 	EXP 	window1: blendMode = 'avg'
10.2724 	EXP 	window1: blendMode = 'avg'
10.2874 	EXP 	window1: blendMode = 'avg'
10.2882 	EXP 	window1: blendMode = 'avg'
10.2888 	EXP 	window1: blendMode = 'avg'
10.3041 	EXP 	window1: blendMode = 'avg'
10.3049 	EXP 	window1: blendMode = 'avg'
10.3055 	EXP 	window1: blendMode = 'avg'
10.3208 	EXP 	window1: blendMode = 'avg'
10.3216 	EXP 	window1: blendMode = 'avg'
10.3223 	EXP 	window1: blendMode = 'avg'
10.3374 	EXP 	window1: blendMode = 'avg'
10.3381 	EXP 	window1: blendMode = 'avg'
10.3387 	EXP 	window1: blendMode = 'avg'
10.3543 	EXP 	window1: blendMode = 'avg'
10.3550 	EXP 	window1: blendMode = 'avg'
10.3556 	EXP 	window1: blendMode = 'avg'
10.3707 	EXP 	window1: blendMode = 'avg'
10.3714 	EXP 	window1: blendMode = 'avg'
10.3721 	EXP 	window1: blendMode = 'avg'
10.3875 	EXP 	window1: blendMode = 'avg'
10.3882 	EXP 	window1: blendMode = 'avg'
10.3889 	EXP 	window1: blendMode = 'avg'
10.4042 	EXP 	window1: blendMode = 'avg'
10.4049 	EXP 	window1: blendMode = 'avg'
10.4055 	EXP 	window1: blendMode = 'avg'
10.4210 	EXP 	window1: blendMode = 'avg'
10.4217 	EXP 	window1: blendMode = 'avg'
10.4225 	EXP 	window1: blendMode = 'avg'
10.4237 	DATA 	Keypress: right
10.4375 	EXP 	window1: blendMode = 'avg'
10.4382 	EXP 	window1: blendMode = 'avg'
10.4388 	EXP 	window1: blendMode = 'avg'
10.4542 	EXP 	window1: blendMode = 'avg'
10.4549 	EXP 	window1: blendMode = 'avg'
10.4556 	EXP 	window1: blendMode = 'avg'
10.4706 	EXP 	window1: blendMode = 'avg'
10.4713 	EXP 	window1: blendMode = 'avg'
10.4720 	EXP 	window1: blendMode = 'avg'
10.4878 	EXP 	window1: blendMode = 'avg'
10.4886 	EXP 	window1: blendMode = 'avg'
10.4892 	EXP 	window1: blendMode = 'avg'
10.5042 	EXP 	window1: blendMode = 'avg'
10.5049 	EXP 	window1: blendMode = 'avg'
10.5056 	EXP 	window1: blendMode = 'avg'
10.5209 	EXP 	window1: blendMode = 'avg'
10.5216 	EXP 	window1: blendMode = 'avg'
10.5223 	EXP 	window1: blendMode = 'avg'
10.5375 	EXP 	window1: blendMode = 'avg'
10.5382 	EXP 	window1: blendMode = 'avg'
10.5389 	EXP 	window1: blendMode = 'avg'
10.5542 	EXP 	window1: blendMode = 'avg'
10.5549 	EXP 	window1: blendMode = 'avg'
10.5556 	EXP 	window1: blendMode = 'avg'
10.5709 	EXP 	window1: blendMode = 'avg'
10.5716 	EXP 	window1: blendMode = 'avg'
10.5723 	EXP 	window1: blendMode = 'avg'
10.5874 	EXP 	window1: blendMode = 'avg'
10.5881 	EXP 	window1: blendMode = 'avg'
10.5888 	EXP 	window1: blendMode = 'avg'
10.6042 	EXP 	window1: blendMode = 'avg'
10.6049 	EXP 	window1: blendMode = 'avg'
10.6056 	EXP 	window1: blendMode = 'avg'
10.6209 	EXP 	window1: blendMode = 'avg'
10.6216 	EXP 	window1: blendMode = 'avg'
10.6223 	EXP 	window1: blendMode = 'avg'
10.6375 	EXP 	window1: blendMode = 'avg'
10.6383 	EXP 	window1: blendMode = 'avg'
10.6389 	EXP 	window1: blendMode = 'avg'
10.6542 	EXP 	window1: blendMode = 'avg'
10.6549 	EXP 	window1: blendMode = 'avg'
10.6556 	EXP 	window1: blendMode = 'avg'
10.6709 	EXP 	window1: blendMode = 'avg'
10.6716 	EXP 	window1: blendMode = 'avg'
10.6723 	EXP 	window1: blendMode = 'avg'
10.6875 	EXP 	window1: blendMode = 'avg'
10.6882 	EXP 	window1: blendMode = 'avg'
10.6889 	EXP 	window1: blendMode = 'avg'
10.7043 	EXP 	window1: blendMode = 'avg'
10.7050 	EXP 	window1: blendMode = 'avg'
10.7057 	EXP 	window1: blendMode = 'avg'
10.7209 	EXP 	window1: blendMode = 'avg'
10.7216 	EXP 	window1: blendMode = 'avg'
10.7223 	EXP 	window1: blendMode = 'avg'
10.7368 	DATA 	Keypress: return
10.8352 	EXP 	window1: mouseVisible = True
